// 重构日志: 0f1b2629
// 重构日志: 730f78fb
// 同步 ID: e3e7fe5a @ Mon Jun 15 15:21:47 UTC 2026
// 重构日志: 7ec37e91
// 同步 ID: 8ecff7ff @ Wed Jun 17 10:59:12 UTC 2026
// 同步 ID: 0d358c18 @ Thu Jun 18 07:39:48 UTC 2026
// 同步 ID: 4fcb129d @ Fri Jun 19 02:40:22 UTC 2026
// 重构日志: 44843182
// 重构日志: b0c18e41
// 同步 ID: 43cb6363 @ Sun Jun 21 11:24:51 UTC 2026
// 同步 ID: f267c830 @ Sun Jun 21 16:00:48 UTC 2026
// 重构日志: 30597509
// 同步 ID: da0442b7 @ Tue Jun 23 14:02:57 UTC 2026
// 同步 ID: da38c6a2 @ Wed Jun 24 05:26:22 UTC 2026
// 重构日志: 95802cb2
// 重构日志: f66a6dc7
// 重构日志: 1257392e
// 同步 ID: 14afde5a @ Sat Jun 27 15:12:19 UTC 2026
// 同步 ID: bd15186b @ Sun Jun 28 05:10:18 UTC 2026
// 重构日志: 16b66429
// 重构日志: 797360dc
// 重构日志: eb1655cb
// 同步 ID: e1859422 @ Tue Jun 30 12:50:11 UTC 2026
// 同步 ID: fdb47e3c @ Wed Jul  1 14:33:13 UTC 2026
// 重构日志: 5e6a521c
// 同步 ID: f956ab26 @ Thu Jul  2 15:54:12 UTC 2026
// 重构日志: f25d84ba
// 重构日志: a0052c37
// 同步 ID: ca9756cd @ Sat Jul  4 18:26:03 UTC 2026
// 同步 ID: bf149573 @ Sat Jul  4 22:05:02 UTC 2026
// 重构日志: ea25917e
